  소스.c
C:\Users\taebe\source\repos\AI_assignment\소스.c(13,35): warning C4305: '초기화 중': 'double'에서 'float'(으)로 잘립니다.
C:\Users\taebe\source\repos\AI_assignment\소스.c(14,33): warning C4305: '초기화 중': 'double'에서 'float'(으)로 잘립니다.
C:\Users\taebe\source\repos\AI_assignment\소스.c(67,18): warning C4244: '함수': 'time_t'에서 'unsigned int'(으)로 변환하면서 데이터가 손실될 수 있습니다.
C:\Users\taebe\source\repos\AI_assignment\소스.c(83,52): warning C4047: '함수': 'float *'의 간접 참조 수준이 'int [3][5]'과(와) 다릅니다.
C:\Users\taebe\source\repos\AI_assignment\소스.c(83,43): warning C4024: 'rand_weight': 형식 및 실제 매개 변수 3의 형식이 서로 다릅니다.
C:\Users\taebe\source\repos\AI_assignment\소스.c(84,55): warning C4047: '함수': 'float *'의 간접 참조 수준이 'float [5][2]'과(와) 다릅니다.
C:\Users\taebe\source\repos\AI_assignment\소스.c(84,46): warning C4024: 'rand_weight': 형식 및 실제 매개 변수 3의 형식이 서로 다릅니다.
C:\Users\taebe\source\repos\AI_assignment\소스.c(85,53): warning C4047: '함수': 'float *'의 간접 참조 수준이 'float [2][3]'과(와) 다릅니다.
C:\Users\taebe\source\repos\AI_assignment\소스.c(85,44): warning C4024: 'rand_weight': 형식 및 실제 매개 변수 3의 형식이 서로 다릅니다.
C:\Users\taebe\source\repos\AI_assignment\소스.c(94,78): warning C4047: '함수': 'float *'의 간접 참조 수준이 'int [3][5]'과(와) 다릅니다.
C:\Users\taebe\source\repos\AI_assignment\소스.c(94,69): warning C4024: 'foward': 형식 및 실제 매개 변수 6의 형식이 서로 다릅니다.
C:\Users\taebe\source\repos\AI_assignment\소스.c(95,81): warning C4047: '함수': 'float *'의 간접 참조 수준이 'float [5][2]'과(와) 다릅니다.
C:\Users\taebe\source\repos\AI_assignment\소스.c(95,72): warning C4024: 'foward': 형식 및 실제 매개 변수 6의 형식이 서로 다릅니다.
C:\Users\taebe\source\repos\AI_assignment\소스.c(96,79): warning C4047: '함수': 'float *'의 간접 참조 수준이 'float [2][3]'과(와) 다릅니다.
C:\Users\taebe\source\repos\AI_assignment\소스.c(96,70): warning C4024: 'foward': 형식 및 실제 매개 변수 6의 형식이 서로 다릅니다.
C:\Users\taebe\source\repos\AI_assignment\소스.c(110,70): warning C4047: '함수': 'float *'의 간접 참조 수준이 'float [2][3]'과(와) 다릅니다.
C:\Users\taebe\source\repos\AI_assignment\소스.c(110,61): warning C4024: 'backward': 형식 및 실제 매개 변수 5의 형식이 서로 다릅니다.
C:\Users\taebe\source\repos\AI_assignment\소스.c(111,72): warning C4047: '함수': 'float *'의 간접 참조 수준이 'float [5][2]'과(와) 다릅니다.
C:\Users\taebe\source\repos\AI_assignment\소스.c(111,63): warning C4024: 'backward': 형식 및 실제 매개 변수 5의 형식이 서로 다릅니다.
C:\Users\taebe\source\repos\AI_assignment\소스.c(117,99): warning C4244: '-=': 'double'에서 'int'(으)로 변환하면서 데이터가 손실될 수 있습니다.
C:\Users\taebe\source\repos\AI_assignment\소스.c(124,99): warning C4244: '-=': 'double'에서 'float'(으)로 변환하면서 데이터가 손실될 수 있습니다.
C:\Users\taebe\source\repos\AI_assignment\소스.c(131,99): warning C4244: '-=': 'double'에서 'float'(으)로 변환하면서 데이터가 손실될 수 있습니다.
  AI_assignment.vcxproj -> C:\Users\taebe\source\repos\AI_assignment\Debug\AI_assignment.exe
